This is pdfTeX, Version 3.14159265-2.6-1.40.20 (TeX Live 2019/Debian) (preloaded format=pdflatex 2022.11.25)  10 JAN 2023 22:29
entering extended mode
 restricted \write18 enabled.
 %&-line parsing enabled.
**refman
(./refman.tex
LaTeX2e <2020-02-02> patch level 2
L3 programming layer <2020-02-14>
(/usr/share/texlive/texmf-dist/tex/latex/base/book.cls
Document Class: book 2019/12/20 v1.4l Standard LaTeX document class
(/usr/share/texlive/texmf-dist/tex/latex/base/bk10.clo
File: bk10.clo 2019/12/20 v1.4l Standard LaTeX file (size option)
)
\c@part=\count167
\c@chapter=\count168
\c@section=\count169
\c@subsection=\count170
\c@subsubsection=\count171
\c@paragraph=\count172
\c@subparagraph=\count173
\c@figure=\count174
\c@table=\count175
\abovecaptionskip=\skip47
\belowcaptionskip=\skip48
\bibindent=\dimen134
)
(/usr/share/texlive/texmf-dist/tex/latex/base/ifthen.sty
Package: ifthen 2014/09/29 v1.1c Standard LaTeX ifthen package (DPC)
)
(/usr/share/texlive/texmf-dist/tex/latex/tools/array.sty
Rollback for package 'array' requested -> date 2016-10-06.
         Best approximation is the release introduced on 2016-10-06.

(/usr/share/texlive/texmf-dist/tex/latex/tools/array-2016-10-06.sty
Package: array 2016/10/06 v2.4d Tabular extension package (FMi)
\col@sep=\dimen135
\extrarowheight=\dimen136
\NC@list=\toks14
\extratabsurround=\skip49
\backup@length=\skip50
))
(/usr/share/texlive/texmf-dist/tex/latex/base/fixltx2e.sty
Package: fixltx2e 2016/12/29 v2.1a fixes to LaTeX (obsolete)
Applying: [2015/01/01] Old fixltx2e package on input line 46.


Package fixltx2e Warning: fixltx2e is not required with releases after 2015
(fixltx2e)                All fixes are now in the LaTeX kernel.
(fixltx2e)                See the latexrelease package for details.

Already applied: [0000/00/00] Old fixltx2e package on input line 53.
) (./doxygen.sty
Package: doxygen 
 (/usr/share/texlive/texmf-dist/tex/latex/base/alltt.sty
Package: alltt 1997/06/16 v2.0g defines alltt environment
)
(/usr/share/texlive/texmf-dist/tex/latex/tools/calc.sty
Package: calc 2017/05/25 v4.3 Infix arithmetic (KKT,FJ)
\calc@Acount=\count176
\calc@Bcount=\count177
\calc@Adimen=\dimen137
\calc@Bdimen=\dimen138
\calc@Askip=\skip51
\calc@Bskip=\skip52
LaTeX Info: Redefining \setlength on input line 80.
LaTeX Info: Redefining \addtolength on input line 81.
\calc@Ccount=\count178
\calc@Cskip=\skip53
)
(/usr/share/texlive/texmf-dist/tex/latex/float/float.sty
Package: float 2001/11/08 v1.3d Float enhancements (AL)
\c@float@type=\count179
\float@exts=\toks15
\float@box=\box45
\@float@everytoks=\toks16
\@floatcapt=\box46
)
(/usr/share/texlive/texmf-dist/tex/latex/tools/verbatim.sty
Package: verbatim 2019/11/10 v1.5r LaTeX2e package for verbatim enhancements
\every@verbatim=\toks17
\verbatim@line=\toks18
\verbatim@in@stream=\read2
)
(/usr/share/texlive/texmf-dist/tex/latex/xcolor/xcolor.sty
Package: xcolor 2016/05/11 v2.12 LaTeX color extensions (UK)

(/usr/share/texlive/texmf-dist/tex/latex/graphics-cfg/color.cfg
File: color.cfg 2016/01/02 v1.6 sample color configuration
)
Package xcolor Info: Driver file: pdftex.def on input line 225.

(/usr/share/texlive/texmf-dist/tex/latex/graphics-def/pdftex.def
File: pdftex.def 2018/01/08 v1.0l Graphics/color driver for pdftex
)
(/usr/share/texlive/texmf-dist/tex/latex/colortbl/colortbl.sty
Package: colortbl 2020/01/04 v1.0e Color table columns (DPC)
\everycr=\toks19
\minrowclearance=\skip54
)
\rownum=\count180
Package xcolor Info: Model `cmy' substituted by `cmy0' on input line 1348.
Package xcolor Info: Model `hsb' substituted by `rgb' on input line 1352.
Package xcolor Info: Model `RGB' extended on input line 1364.
Package xcolor Info: Model `HTML' substituted by `rgb' on input line 1366.
Package xcolor Info: Model `Hsb' substituted by `hsb' on input line 1367.
Package xcolor Info: Model `tHsb' substituted by `hsb' on input line 1368.
Package xcolor Info: Model `HSB' substituted by `hsb' on input line 1369.
Package xcolor Info: Model `Gray' substituted by `gray' on input line 1370.
Package xcolor Info: Model `wave' substituted by `hsb' on input line 1371.
)
(./longtable_doxygen.sty
Package: longtable_doxygen 2014/10/28 v4.11 Multi-page Table package (DPC) - fr
ozen version for doxygen
\LTleft=\skip55
\LTright=\skip56
\LTpre=\skip57
\LTpost=\skip58
\LTchunksize=\count181
\LTcapwidth=\dimen139
\LT@head=\box47
\LT@firsthead=\box48
\LT@foot=\box49
\LT@lastfoot=\box50
\LT@cols=\count182
\LT@rows=\count183
\c@LT@tables=\count184
\c@LT@chunks=\count185
\LT@p@ftn=\toks20
) (./tabu_doxygen.sty
Package: tabu_doxygen 2011/02/26 v2.8 - flexible LaTeX tabulars (FC), frozen ve
rsion for doxygen

(/usr/share/texlive/texmf-dist/tex/latex/varwidth/varwidth.sty
Package: varwidth 2009/03/30 ver 0.92;  Variable-width minipages
\@vwid@box=\box51
\sift@deathcycles=\count186
\@vwid@loff=\dimen140
\@vwid@roff=\dimen141
)
\c@taburow=\count187
\tabu@nbcols=\count188
\tabu@cnt=\count189
\tabu@Xcol=\count190
\tabu@alloc=\count191
\tabu@nested=\count192
\tabu@target=\dimen142
\tabu@spreadtarget=\dimen143
\tabu@naturalX=\dimen144
\tabucolX=\dimen145
\tabu@Xsum=\dimen146
\extrarowdepth=\dimen147
\abovetabulinesep=\dimen148
\belowtabulinesep=\dimen149
\tabustrutrule=\dimen150
\tabu@thebody=\toks21
\tabu@footnotes=\toks22
\tabu@box=\box52
\tabu@arstrutbox=\box53
\tabu@hleads=\box54
\tabu@vleads=\box55
\tabu@cellskip=\skip59
)
(/usr/share/texlive/texmf-dist/tex/latex/fancyvrb/fancyvrb.sty
Package: fancyvrb 2020/01/13 v3.5 verbatim text (tvz,hv)

(/usr/share/texlive/texmf-dist/tex/latex/graphics/keyval.sty
Package: keyval 2014/10/28 v1.15 key=value parser (DPC)
\KV@toks@=\toks23
)
\FV@CodeLineNo=\count193
\FV@InFile=\read3
\FV@TabBox=\box56
\c@FancyVerbLine=\count194
\FV@StepNumber=\count195
\FV@OutFile=\write3
)
(/usr/share/texlive/texmf-dist/tex/latex/tools/tabularx.sty
Package: tabularx 2020/01/15 v2.11c `tabularx' package (DPC)
\TX@col@width=\dimen151
\TX@old@table=\dimen152
\TX@old@col=\dimen153
\TX@target=\dimen154
\TX@delta=\dimen155
\TX@cols=\count196
\TX@ftn=\toks24
)
(/usr/share/texlive/texmf-dist/tex/latex/tools/multicol.sty
Package: multicol 2019/12/09 v1.8y multicolumn formatting (FMi)
\c@tracingmulticols=\count197
\mult@box=\box57
\multicol@leftmargin=\dimen156
\c@unbalance=\count198
\c@collectmore=\count199
\doublecol@number=\count266
\multicoltolerance=\count267
\multicolpretolerance=\count268
\full@width=\dimen157
\page@free=\dimen158
\premulticols=\dimen159
\postmulticols=\dimen160
\multicolsep=\skip60
\multicolbaselineskip=\skip61
\partial@page=\box58
\last@line=\box59
\maxbalancingoverflow=\dimen161
\mult@rightbox=\box60
\mult@grightbox=\box61
\mult@gfirstbox=\box62
\mult@firstbox=\box63
\@tempa=\box64
\@tempa=\box65
\@tempa=\box66
\@tempa=\box67
\@tempa=\box68
\@tempa=\box69
\@tempa=\box70
\@tempa=\box71
\@tempa=\box72
\@tempa=\box73
\@tempa=\box74
\@tempa=\box75
\@tempa=\box76
\@tempa=\box77
\@tempa=\box78
\@tempa=\box79
\@tempa=\box80
\@tempa=\box81
\@tempa=\box82
\@tempa=\box83
\@tempa=\box84
\@tempa=\box85
\@tempa=\box86
\@tempa=\box87
\@tempa=\box88
\@tempa=\box89
\@tempa=\box90
\@tempa=\box91
\@tempa=\box92
\@tempa=\box93
\@tempa=\box94
\@tempa=\box95
\@tempa=\box96
\@tempa=\box97
\@tempa=\box98
\@tempa=\box99
\@tempa=\box100
\c@minrows=\count269
\c@columnbadness=\count270
\c@finalcolumnbadness=\count271
\last@try=\dimen162
\multicolovershoot=\dimen163
\multicolundershoot=\dimen164
\mult@nat@firstbox=\box101
\colbreak@box=\box102
\mc@col@check@num=\count272
)
(/usr/share/texlive/texmf-dist/tex/latex/multirow/multirow.sty
Package: multirow 2019/05/31 v2.5 Span multiple rows of a table
\multirow@colwidth=\skip62
\multirow@cntb=\count273
\multirow@dima=\skip63
\bigstrutjot=\dimen165
)
(/usr/share/texlive/texmf-dist/tex/latex/hanging/hanging.sty
Package: hanging 2009/09/02 v1.2b hanging paragraphs and punctuation
\h@ngcommawd=\skip64
\h@ngfstopwd=\skip65
\h@ngquotewd=\skip66
\h@ngdquotewd=\skip67
\h@ngquerywd=\skip68
\h@ngexclwd=\skip69
\h@ngcolonwd=\skip70
\h@ngscolonwd=\skip71
)
(/usr/share/texlive/texmf-dist/tex/generic/iftex/ifpdf.sty
Package: ifpdf 2019/10/25 v3.4 ifpdf legacy package. Use iftex instead.

(/usr/share/texlive/texmf-dist/tex/generic/iftex/iftex.sty
Package: iftex 2019/11/07 v1.0c TeX engine tests
))
(/usr/share/texlive/texmf-dist/tex/latex/adjustbox/adjustbox.sty
Package: adjustbox 2019/01/04 v1.2 Adjusting TeX boxes (trim, clip, ...)

(/usr/share/texlive/texmf-dist/tex/latex/xkeyval/xkeyval.sty
Package: xkeyval 2014/12/03 v2.7a package option processing (HA)

(/usr/share/texlive/texmf-dist/tex/generic/xkeyval/xkeyval.tex
(/usr/share/texlive/texmf-dist/tex/generic/xkeyval/xkvutils.tex
\XKV@toks=\toks25
\XKV@tempa@toks=\toks26
)
\XKV@depth=\count274
File: xkeyval.tex 2014/12/03 v2.7a key=value parser (HA)
))
(/usr/share/texlive/texmf-dist/tex/latex/adjustbox/adjcalc.sty
Package: adjcalc 2012/05/16 v1.1 Provides advanced setlength with multiple back
-ends (calc, etex, pgfmath)
)
(/usr/share/texlive/texmf-dist/tex/latex/adjustbox/trimclip.sty
Package: trimclip 2018/04/08 v1.1 Trim and clip general TeX material

(/usr/share/texlive/texmf-dist/tex/latex/graphics/graphicx.sty
Package: graphicx 2019/11/30 v1.2a Enhanced LaTeX Graphics (DPC,SPQR)

(/usr/share/texlive/texmf-dist/tex/latex/graphics/graphics.sty
Package: graphics 2019/11/30 v1.4a Standard LaTeX Graphics (DPC,SPQR)

(/usr/share/texlive/texmf-dist/tex/latex/graphics/trig.sty
Package: trig 2016/01/03 v1.10 sin cos tan (DPC)
)
(/usr/share/texlive/texmf-dist/tex/latex/graphics-cfg/graphics.cfg
File: graphics.cfg 2016/06/04 v1.11 sample graphics configuration
)
Package graphics Info: Driver file: pdftex.def on input line 105.
)
\Gin@req@height=\dimen166
\Gin@req@width=\dimen167
)
(/usr/share/texlive/texmf-dist/tex/latex/collectbox/collectbox.sty
Package: collectbox 2012/05/17 v0.4b Collect macro arguments as boxes
\collectedbox=\box103
)
\tc@llx=\dimen168
\tc@lly=\dimen169
\tc@urx=\dimen170
\tc@ury=\dimen171
Package trimclip Info: Using driver 'tc-pdftex.def'.

(/usr/share/texlive/texmf-dist/tex/latex/adjustbox/tc-pdftex.def
File: tc-pdftex.def 2019/01/04 v2.2 Clipping driver for pdftex
))
\adjbox@Width=\dimen172
\adjbox@Height=\dimen173
\adjbox@Depth=\dimen174
\adjbox@Totalheight=\dimen175
\adjbox@pwidth=\dimen176
\adjbox@pheight=\dimen177
\adjbox@pdepth=\dimen178
\adjbox@ptotalheight=\dimen179

(/usr/share/texlive/texmf-dist/tex/latex/ifoddpage/ifoddpage.sty
Package: ifoddpage 2016/04/23 v1.1 Conditionals for odd/even page detection
\c@checkoddpage=\count275
))
(/usr/share/texlive/texmf-dist/tex/latex/amsfonts/amssymb.sty
Package: amssymb 2013/01/14 v3.01 AMS font symbols

(/usr/share/texlive/texmf-dist/tex/latex/amsfonts/amsfonts.sty
Package: amsfonts 2013/01/14 v3.01 Basic AMSFonts support
\@emptytoks=\toks27
\symAMSa=\mathgroup4
\symAMSb=\mathgroup5
LaTeX Font Info:    Redeclaring math symbol \hbar on input line 98.
LaTeX Font Info:    Overwriting math alphabet `\mathfrak' in version `bold'
(Font)                  U/euf/m/n --> U/euf/b/n on input line 106.
))
(/usr/share/texlive/texmf-dist/tex/latex/stackengine/stackengine.sty
Package: stackengine 2017/02/13 v4.01\ Stacking text and objects in convenient 
ways

(/usr/share/texlive/texmf-dist/tex/latex/etoolbox/etoolbox.sty
Package: etoolbox 2019/09/21 v2.5h e-TeX tools for LaTeX (JAW)
\etb@tempcnta=\count276
)
(/usr/share/texlive/texmf-dist/tex/generic/listofitems/listofitems.sty
(/usr/share/texlive/texmf-dist/tex/generic/listofitems/listofitems.tex
\loi_cnt_foreach_nest=\count277
\loi_nestcnt=\count278
)
Package: listofitems 2019/08/21 v1.63 Grab items in lists using user-specified 
sep char (CT)
)
\c@@stackindex=\count279
\@boxshift=\skip72
\stack@tmplength=\skip73
\temp@stkl=\skip74
\@stackedboxwidth=\skip75
\@addedbox=\box104
\@anchorbox=\box105
\stackedbox=\box106
\@centerbox=\box107
\c@ROWcellindex@=\count280
)
(/usr/share/texlive/texmf-dist/tex/latex/enumitem/enumitem.sty
Package: enumitem 2019/06/20 v3.9 Customized lists
\labelindent=\skip76
\enit@outerparindent=\dimen180
\enit@toks=\toks28
\enit@inbox=\box108
\enit@count@id=\count281
\enitdp@description=\count282
)
(/usr/share/texlive/texmf-dist/tex/generic/alphalph/alphalph.sty
Package: alphalph 2019/12/09 v2.6 Convert numbers to letters (HO)

(/usr/share/texlive/texmf-dist/tex/generic/infwarerr/infwarerr.sty
Package: infwarerr 2019/12/03 v1.5 Providing info/warning/error messages (HO)
)
(/usr/share/texlive/texmf-dist/tex/generic/intcalc/intcalc.sty
Package: intcalc 2019/12/15 v1.3 Expandable calculations with integers (HO)
))
(/usr/share/texlive/texmf-dist/tex/generic/ulem/ulem.sty
\UL@box=\box109
\UL@hyphenbox=\box110
\UL@skip=\skip77
\UL@hook=\toks29
\UL@height=\dimen181
\UL@pe=\count283
\UL@pixel=\dimen182
\ULC@box=\box111
Package: ulem 2019/11/18
\ULdepth=\dimen183
)
\xrefbox=\box112
\xreflength=\skip78
\CodeWidthChar=\skip79
\CodeHeightChar=\skip80
\DoxyCodeWidth=\skip81
\c@DoxyEnumeratei=\count284
\c@DoxyEnumerateii=\count285
\c@DoxyEnumerateiii=\count286
\c@DoxyEnumerateiv=\count287
\c@DoxyEnumeratev=\count288
\c@DoxyEnumeratevi=\count289
\c@DoxyEnumeratevii=\count290
\c@DoxyEnumerateviii=\count291
\c@DoxyEnumerateix=\count292
\c@DoxyEnumeratex=\count293
\c@DoxyEnumeratexi=\count294
\c@DoxyEnumeratexii=\count295
\enitdp@DoxyEnumerate=\count296
\enitdp@DoxyItemize=\count297
)
(/usr/share/texlive/texmf-dist/tex/latex/base/inputenc.sty
Package: inputenc 2018/08/11 v1.3c Input encoding file
\inpenc@prehook=\toks30
\inpenc@posthook=\toks31
)
(/usr/share/texlive/texmf-dist/tex/latex/base/makeidx.sty
Package: makeidx 2014/09/29 v1.0m Standard LaTeX package
)
(/usr/share/texlive/texmf-dist/tex/latex/base/textcomp.sty
Package: textcomp 2020/02/02 v2.0n Standard LaTeX package
)
(/usr/share/texlive/texmf-dist/tex/latex/wasysym/wasysym.sty
Package: wasysym 2020/01/19 v2.4 Wasy-2 symbol support package
\symwasy=\mathgroup6
LaTeX Font Info:    Overwriting symbol font `wasy' in version `bold'
(Font)                  U/wasy/m/n --> U/wasy/b/n on input line 93.
)
(/usr/share/texlive/texmf-dist/tex/generic/iftex/ifxetex.sty
Package: ifxetex 2019/10/25 v0.7 ifxetex legacy package. Use iftex instead.
)
(/usr/share/texlive/texmf-dist/tex/generic/babel/babel.sty
Package: babel 2020/02/14 3.40 The Babel package

(/usr/share/texlive/texmf-dist/tex/generic/babel/switch.def
File: switch.def 2020/02/14 3.40 Babel switching mechanism
)
(/usr/share/texlive/texmf-dist/tex/generic/babel-spanish/spanish.ldf
Language: spanish.ldf 2016/03/03 v5.0p Spanish support from the babel system

(/usr/share/texlive/texmf-dist/tex/generic/babel/babel.def
File: babel.def 2020/02/14 3.40 Babel common definitions
\babel@savecnt=\count298
\U@D=\dimen184

(/usr/share/texlive/texmf-dist/tex/generic/babel/txtbabel.def)
\bbl@readstream=\read4
\bbl@dirlevel=\count299
)
\es@quottoks=\toks32
\es@quotdepth=\count300
Package babel Info: Making " an active character on input line 561.
Package babel Info: Making . an active character on input line 662.
Package babel Info: Making < an active character on input line 707.
Package babel Info: Making > an active character on input line 707.
))
(/usr/share/texlive/texmf-dist/tex/latex/base/fontenc.sty
Package: fontenc 2020/02/11 v2.0o Standard LaTeX package
)
(/usr/share/texlive/texmf-dist/tex/latex/psnfss/helvet.sty
Package: helvet 2005/04/12 PSNFSS-v9.2a (WaS) 
)
(/usr/share/texlive/texmf-dist/tex/latex/psnfss/courier.sty
Package: courier 2005/04/12 PSNFSS-v9.2a (WaS) 
)
(/usr/share/texlive/texmf-dist/tex/latex/sectsty/sectsty.sty
Package: sectsty 2002/02/25 v2.0.2 Commands to change all sectional heading sty
les


LaTeX Warning: Command \underbar  has changed.
               Check if current package is valid.


LaTeX Warning: Command \underline  has changed.
               Check if current package is valid.

) (/usr/share/texlive/texmf-dist/tex/latex/geometry/geometry.sty
Package: geometry 2020/01/02 v5.9 Page Geometry

(/usr/share/texlive/texmf-dist/tex/generic/iftex/ifvtex.sty
Package: ifvtex 2019/10/25 v1.7 ifvtex legacy package. Use iftex instead.
)
\Gm@cnth=\count301
\Gm@cntv=\count302
\c@Gm@tempcnt=\count303
\Gm@bindingoffset=\dimen185
\Gm@wd@mp=\dimen186
\Gm@odd@mp=\dimen187
\Gm@even@mp=\dimen188
\Gm@layoutwidth=\dimen189
\Gm@layoutheight=\dimen190
\Gm@layouthoffset=\dimen191
\Gm@layoutvoffset=\dimen192
\Gm@dimlist=\toks33
)
(/usr/share/texlive/texmf-dist/tex/latex/fancyhdr/fancyhdr.sty
Package: fancyhdr 2019/01/31 v3.10 Extensive control of page headers and footer
s
\f@nch@headwidth=\skip82
\f@nch@O@elh=\skip83
\f@nch@O@erh=\skip84
\f@nch@O@olh=\skip85
\f@nch@O@orh=\skip86
\f@nch@O@elf=\skip87
\f@nch@O@erf=\skip88
\f@nch@O@olf=\skip89
\f@nch@O@orf=\skip90
)
(/usr/share/texlive/texmf-dist/tex/latex/natbib/natbib.sty
Package: natbib 2010/09/13 8.31b (PWD, AO)
\bibhang=\skip91
\bibsep=\skip92
LaTeX Info: Redefining \cite on input line 694.
\c@NAT@ctr=\count304
)
(/usr/share/texlive/texmf-dist/tex/latex/tocloft/tocloft.sty
Package: tocloft 2017/08/31 v2.3i parameterised ToC, etc., typesetting
Package tocloft Info: The document has chapter divisions on input line 51.
\cftparskip=\skip93
\cftbeforetoctitleskip=\skip94
\cftaftertoctitleskip=\skip95
\cftbeforepartskip=\skip96
\cftpartnumwidth=\skip97
\cftpartindent=\skip98
\cftbeforechapskip=\skip99
\cftchapindent=\skip100
\cftchapnumwidth=\skip101
\cftbeforesecskip=\skip102
\cftsecindent=\skip103
\cftsecnumwidth=\skip104
\cftbeforesubsecskip=\skip105
\cftsubsecindent=\skip106
\cftsubsecnumwidth=\skip107
\cftbeforesubsubsecskip=\skip108
\cftsubsubsecindent=\skip109
\cftsubsubsecnumwidth=\skip110
\cftbeforeparaskip=\skip111
\cftparaindent=\skip112
\cftparanumwidth=\skip113
\cftbeforesubparaskip=\skip114
\cftsubparaindent=\skip115
\cftsubparanumwidth=\skip116
\cftbeforeloftitleskip=\skip117
\cftafterloftitleskip=\skip118
\cftbeforefigskip=\skip119
\cftfigindent=\skip120
\cftfignumwidth=\skip121
\c@lofdepth=\count305
\c@lotdepth=\count306
\cftbeforelottitleskip=\skip122
\cftafterlottitleskip=\skip123
\cftbeforetabskip=\skip124
\cfttabindent=\skip125
\cfttabnumwidth=\skip126
)
\@indexfile=\write4
\openout4 = `refman.idx'.


Writing index file refman.idx
(/usr/share/texlive/texmf-dist/tex/latex/newunicodechar/newunicodechar.sty
Package: newunicodechar 2018/04/08 v1.2 Defining Unicode characters
)

Package newunicodechar Warning: Redefining Unicode character on input line 117.



Package newunicodechar Warning: Redefining Unicode character on input line 118.


(/usr/share/texlive/texmf-dist/tex/latex/hyperref/hyperref.sty
Package: hyperref 2020/01/14 v7.00d Hypertext links for LaTeX

(/usr/share/texlive/texmf-dist/tex/generic/ltxcmds/ltxcmds.sty
Package: ltxcmds 2019/12/15 v1.24 LaTeX kernel commands for general use (HO)
)
(/usr/share/texlive/texmf-dist/tex/latex/pdftexcmds/pdftexcmds.sty
Package: pdftexcmds 2019/11/24 v0.31 Utility functions of pdfTeX for LuaTeX (HO
)
Package pdftexcmds Info: \pdf@primitive is available.
Package pdftexcmds Info: \pdf@ifprimitive is available.
Package pdftexcmds Info: \pdfdraftmode found.
)
(/usr/share/texlive/texmf-dist/tex/generic/kvsetkeys/kvsetkeys.sty
Package: kvsetkeys 2019/12/15 v1.18 Key value parser (HO)
)
(/usr/share/texlive/texmf-dist/tex/generic/kvdefinekeys/kvdefinekeys.sty
Package: kvdefinekeys 2019-12-19 v1.6 Define keys (HO)
)
(/usr/share/texlive/texmf-dist/tex/generic/pdfescape/pdfescape.sty
Package: pdfescape 2019/12/09 v1.15 Implements pdfTeX's escape features (HO)
)
(/usr/share/texlive/texmf-dist/tex/latex/hycolor/hycolor.sty
Package: hycolor 2020-01-27 v1.10 Color options for hyperref/bookmark (HO)
)
(/usr/share/texlive/texmf-dist/tex/latex/letltxmacro/letltxmacro.sty
Package: letltxmacro 2019/12/03 v1.6 Let assignment for LaTeX macros (HO)
)
(/usr/share/texlive/texmf-dist/tex/latex/auxhook/auxhook.sty
Package: auxhook 2019-12-17 v1.6 Hooks for auxiliary files (HO)
)
(/usr/share/texlive/texmf-dist/tex/latex/kvoptions/kvoptions.sty
Package: kvoptions 2019/11/29 v3.13 Key value format for package options (HO)
)
\@linkdim=\dimen193
\Hy@linkcounter=\count307
\Hy@pagecounter=\count308

(/usr/share/texlive/texmf-dist/tex/latex/hyperref/pd1enc.def
File: pd1enc.def 2020/01/14 v7.00d Hyperref: PDFDocEncoding definition (HO)
Now handling font encoding PD1 ...
... no UTF-8 mapping file for font encoding PD1
)
(/usr/share/texlive/texmf-dist/tex/generic/etexcmds/etexcmds.sty
Package: etexcmds 2019/12/15 v1.7 Avoid name clashes with e-TeX commands (HO)
)
\Hy@SavedSpaceFactor=\count309
\pdfmajorversion=\count310
Package hyperref Info: Hyper figures OFF on input line 4547.
Package hyperref Info: Link nesting OFF on input line 4552.
Package hyperref Info: Hyper index ON on input line 4555.
Package hyperref Info: Plain pages OFF on input line 4562.
Package hyperref Info: Backreferencing ON on input line 4565.
Package hyperref Info: Implicit mode ON; LaTeX internals redefined.
Package hyperref Info: Bookmarks ON on input line 4800.

(/usr/share/texlive/texmf-dist/tex/latex/hyperref/backref.sty
Package: backref 2020/01/14 v1.40 Bibliographical back referencing

(/usr/share/texlive/texmf-dist/tex/latex/rerunfilecheck/rerunfilecheck.sty
Package: rerunfilecheck 2019/12/05 v1.9 Rerun checks for auxiliary files (HO)

(/usr/share/texlive/texmf-dist/tex/latex/atveryend/atveryend.sty
Package: atveryend 2019-12-11 v1.11 Hooks at the very end of document (HO)
)
(/usr/share/texlive/texmf-dist/tex/generic/uniquecounter/uniquecounter.sty
Package: uniquecounter 2019/12/15 v1.4 Provide unlimited unique counter (HO)

(/usr/share/texlive/texmf-dist/tex/generic/bigintcalc/bigintcalc.sty
Package: bigintcalc 2019/12/15 v1.5 Expandable calculations on big integers (HO
)
))
Package uniquecounter Info: New unique counter `rerunfilecheck' on input line 2
86.
))
\c@Hy@tempcnt=\count311

(/usr/share/texlive/texmf-dist/tex/latex/url/url.sty
\Urlmuskip=\muskip16
Package: url 2013/09/16  ver 3.4  Verb mode for urls, etc.
)
LaTeX Info: Redefining \url on input line 5159.
\XeTeXLinkMargin=\dimen194

(/usr/share/texlive/texmf-dist/tex/generic/bitset/bitset.sty
Package: bitset 2019/12/09 v1.3 Handle bit-vector datatype (HO)
)
\Fld@menulength=\count312
\Field@Width=\dimen195
\Fld@charsize=\dimen196
Package hyperref Info: Hyper figures OFF on input line 6430.
Package hyperref Info: Link nesting OFF on input line 6435.
Package hyperref Info: Hyper index ON on input line 6438.
Package hyperref Info: backreferencing ON on input line 6443.
Package hyperref Info: Link coloring OFF on input line 6450.
Package hyperref Info: Link coloring with OCG OFF on input line 6455.
Package hyperref Info: PDF/A mode OFF on input line 6460.
LaTeX Info: Redefining \ref on input line 6500.
LaTeX Info: Redefining \pageref on input line 6504.

(/usr/share/texlive/texmf-dist/tex/generic/atbegshi/atbegshi.sty
Package: atbegshi 2019/12/05 v1.19 At begin shipout hook (HO)
)
\Hy@abspage=\count313
\c@Item=\count314
\c@Hfootnote=\count315
)
Package hyperref Info: Driver: hpdftex.

(/usr/share/texlive/texmf-dist/tex/latex/hyperref/hpdftex.def
File: hpdftex.def 2020/01/14 v7.00d Hyperref driver for pdfTeX
\Fld@listcount=\count316
\c@bookmark@seq@number=\count317
\Hy@SectionHShift=\skip127
)
Package hyperref Info: Option `colorlinks' set `true' on input line 137.
Package hyperref Info: Option `unicode' set `true' on input line 137.

(/usr/share/texlive/texmf-dist/tex/latex/hyperref/puenc.def
File: puenc.def 2020/01/14 v7.00d Hyperref: PDF Unicode definition (HO)
Now handling font encoding PU ...
... no UTF-8 mapping file for font encoding PU
)
(/usr/share/texlive/texmf-dist/tex/latex/caption/caption.sty
Package: caption 2020/01/03 v3.4h Customizing captions (AR)

(/usr/share/texlive/texmf-dist/tex/latex/caption/caption3.sty
Package: caption3 2020/01/03 v1.8h caption3 kernel (AR)
Package caption3 Info: TeX engine: e-TeX on input line 61.
\captionmargin=\dimen197
\captionmargin@=\dimen198
\captionwidth=\dimen199
\caption@tempdima=\dimen256
\caption@indent=\dimen257
\caption@parindent=\dimen258
\caption@hangindent=\dimen259
Package caption Info: Standard document class detected.
)
\c@caption@flags=\count318
\c@continuedfloat=\count319
Package caption Info: float package is loaded.
Package caption Info: hyperref package is loaded.
Package caption Info: longtable package is loaded.

(/usr/share/texlive/texmf-dist/tex/latex/caption/ltcaption.sty
Package: ltcaption 2018/08/26 v1.4a longtable captions (AR)
))
(/usr/share/texlive/texmf-dist/tex/latex/etoc/etoc.sty
Package: etoc 2019/11/17 v1.09b Completely customisable TOCs (JFB)
\Etoc@toctoks=\toks34
\c@etoc@tocid=\count320
\c@etoc@tocdepth=\count321
\etoc@framed@titlebox=\box113
\etoc@framed@contentsbox=\box114
)
(/usr/share/texlive/texmf-dist/tex/latex/l3backend/l3backend-pdfmode.def
File: l3backend-pdfmode.def 2020-02-03 L3 backend support: PDF mode
\l__kernel_color_stack_int=\count322
\l__pdf_internal_box=\box115
)
(./refman.aux
LaTeX Info: Redefining \. on input line 26.
LaTeX Info: Redefining \% on input line 26.
)
\openout1 = `refman.aux'.

LaTeX Font Info:    Checking defaults for OML/cmm/m/it on input line 153.
LaTeX Font Info:    ... okay on input line 153.
LaTeX Font Info:    Checking defaults for OMS/cmsy/m/n on input line 153.
LaTeX Font Info:    ... okay on input line 153.
LaTeX Font Info:    Checking defaults for OT1/cmr/m/n on input line 153.
LaTeX Font Info:    ... okay on input line 153.
LaTeX Font Info:    Checking defaults for T1/cmr/m/n on input line 153.
LaTeX Font Info:    ... okay on input line 153.
LaTeX Font Info:    Checking defaults for TS1/cmr/m/n on input line 153.
LaTeX Font Info:    ... okay on input line 153.
LaTeX Font Info:    Checking defaults for OMX/cmex/m/n on input line 153.
LaTeX Font Info:    ... okay on input line 153.
LaTeX Font Info:    Checking defaults for U/cmr/m/n on input line 153.
LaTeX Font Info:    ... okay on input line 153.
LaTeX Font Info:    Checking defaults for PD1/pdf/m/n on input line 153.
LaTeX Font Info:    ... okay on input line 153.
LaTeX Font Info:    Checking defaults for PU/pdf/m/n on input line 153.
LaTeX Font Info:    ... okay on input line 153.
LaTeX Font Info:    Trying to load font information for T1+phv on input line 15
3.
 (/usr/share/texlive/texmf-dist/tex/latex/psnfss/t1phv.fd
File: t1phv.fd 2001/06/04 scalable font definitions for T1/phv.
)
LaTeX Font Info:    Font shape `T1/phv/m/n' will be
(Font)              scaled to size 8.99994pt on input line 153.

(/usr/share/texlive/texmf-dist/tex/context/base/mkii/supp-pdf.mkii
[Loading MPS to PDF converter (version 2006.09.02).]
\scratchcounter=\count323
\scratchdimen=\dimen260
\scratchbox=\box116
\nofMPsegments=\count324
\nofMParguments=\count325
\everyMPshowfont=\toks35
\MPscratchCnt=\count326
\MPscratchDim=\dimen261
\MPnumerator=\count327
\makeMPintoPDFobject=\count328
\everyMPtoPDFconversion=\toks36
) (/usr/share/texlive/texmf-dist/tex/latex/epstopdf-pkg/epstopdf-base.sty
Package: epstopdf-base 2020-01-24 v2.11 Base part for package epstopdf
Package epstopdf-base Info: Redefining graphics rule for `.eps' on input line 4
85.

(/usr/share/texlive/texmf-dist/tex/latex/latexconfig/epstopdf-sys.cfg
File: epstopdf-sys.cfg 2010/07/13 v1.3 Configuration of (r)epstopdf for TeX Liv
e
))
LaTeX Info: Redefining \. on input line 153.
LaTeX Info: Redefining \% on input line 153.

*geometry* driver: auto-detecting
*geometry* detected driver: pdftex
*geometry* verbose mode - [ preamble ] result:
* driver: pdftex
* paper: a4paper
* layout: <same size as paper>
* layoutoffset:(h,v)=(0.0pt,0.0pt)
* modes: twoside 
* h-part:(L,W,R)=(71.13188pt, 455.24411pt, 71.13188pt)
* v-part:(T,H,B)=(71.13188pt, 702.78308pt, 71.13188pt)
* \paperwidth=597.50787pt
* \paperheight=845.04684pt
* \textwidth=455.24411pt
* \textheight=702.78308pt
* \oddsidemargin=-1.1381pt
* \evensidemargin=-1.1381pt
* \topmargin=-31.2056pt
* \headheight=12.0pt
* \headsep=18.06749pt
* \topskip=10.0pt
* \footskip=25.29494pt
* \marginparwidth=125.0pt
* \marginparsep=7.0pt
* \columnsep=10.0pt
* \skip\footins=9.0pt plus 4.0pt minus 2.0pt
* \hoffset=0.0pt
* \voffset=0.0pt
* \mag=1000
* \@twocolumnfalse
* \@twosidetrue
* \@mparswitchtrue
* \@reversemarginfalse
* (1in=72.27pt=25.4mm, 1cm=28.453pt)

Package backref Info: ** backref set up for natbib ** on input line 153.
\AtBeginShipoutBox=\box117
Package hyperref Info: Link coloring ON on input line 153.
(/usr/share/texlive/texmf-dist/tex/latex/hyperref/nameref.sty
Package: nameref 2019/09/16 v2.46 Cross-referencing by name of section

(/usr/share/texlive/texmf-dist/tex/latex/refcount/refcount.sty
Package: refcount 2019/12/15 v3.6 Data extraction from label references (HO)
)
(/usr/share/texlive/texmf-dist/tex/generic/gettitlestring/gettitlestring.sty
Package: gettitlestring 2019/12/15 v1.6 Cleanup title references (HO)
)
\c@section@level=\count329
)
LaTeX Info: Redefining \ref on input line 153.
LaTeX Info: Redefining \pageref on input line 153.
LaTeX Info: Redefining \nameref on input line 153.

(./refman.out) (./refman.out)
\@outlinefile=\write5
\openout5 = `refman.out'.

Package caption Info: Begin \AtBeginDocument code.
Package caption Info: End \AtBeginDocument code.
\Etoc@tf=\read5
Package hyperref Info: Option `pageanchor' set `false' on input line 161.
Package hyperref Info: Option `bookmarksnumbered' set `true' on input line 161.

Package hyperref Info: Option `unicode' set `true' on input line 161.
LaTeX Font Info:    Font shape `T1/phv/m/n' will be
(Font)              scaled to size 12.9599pt on input line 166.
LaTeX Font Info:    Font shape `T1/phv/m/n' will be
(Font)              scaled to size 10.79993pt on input line 168.
 [1


{/var/lib/texmf/fonts/map/pdftex/updmap/pdftex.map}] [2

]
\tf@toc=\write6
\openout6 = `refman.toc'.

LaTeX Info: Redefining \. on input line 174.
LaTeX Info: Redefining \% on input line 174.
LaTeX Font Info:    Font shape `T1/phv/b/n' will be
(Font)              scaled to size 8.99994pt on input line 174.
LaTeX Font Info:    Trying to load font information for U+msa on input line 174
.
 (/usr/share/texlive/texmf-dist/tex/latex/amsfonts/umsa.fd
File: umsa.fd 2013/01/14 v3.01 AMS symbols A
)
LaTeX Font Info:    Trying to load font information for U+msb on input line 174
.

(/usr/share/texlive/texmf-dist/tex/latex/amsfonts/umsb.fd
File: umsb.fd 2013/01/14 v3.01 AMS symbols B
)
LaTeX Font Info:    Trying to load font information for U+wasy on input line 17
4.

(/usr/share/texlive/texmf-dist/tex/latex/wasysym/uwasy.fd
File: uwasy.fd 2020/01/19 v2.4 Wasy-2 symbol font definitions
)
LaTeX Font Info:    Font shape `T1/phv/m/n' will be
(Font)              scaled to size 6.29996pt on input line 174.
LaTeX Font Info:    Font shape `T1/phv/b/sc' will be
(Font)              scaled to size 8.99994pt on input line 174.
LaTeX Font Info:    Font shape `T1/phv/b/n' will be
(Font)              scaled to size 6.29996pt on input line 174.
 [1]
LaTeX Font Info:    Font shape `T1/phv/m/n' will be
(Font)              scaled to size 7.19995pt on input line 174.
LaTeX Font Info:    Trying to load font information for T1+pcr on input line 17
4.

(/usr/share/texlive/texmf-dist/tex/latex/psnfss/t1pcr.fd
File: t1pcr.fd 2001/06/04 font definitions for T1/pcr.
) [2] [3] [4] [5]
[6

]
Package hyperref Info: Option `pageanchor' set `true' on input line 177.

Cap\'{\i }tulo 1.
LaTeX Font Info:    Font shape `T1/phv/m/n' will be
(Font)              scaled to size 18.66588pt on input line 179.
LaTeX Font Info:    Font shape `T1/phv/b/n' will be
(Font)              scaled to size 18.66588pt on input line 179.
LaTeX Font Info:    Font shape `T1/phv/bc/n' will be
(Font)              scaled to size 18.66588pt on input line 179.
LaTeX Font Info:    Font shape `T1/phv/m/n' will be
(Font)              scaled to size 22.39185pt on input line 179.
LaTeX Font Info:    Font shape `T1/phv/b/n' will be
(Font)              scaled to size 22.39185pt on input line 179.
LaTeX Font Info:    Font shape `T1/phv/bc/n' will be
(Font)              scaled to size 22.39185pt on input line 179.
(./md__r_e_a_d_m_e.tex
LaTeX Font Info:    Font shape `T1/phv/b/n' will be
(Font)              scaled to size 12.9599pt on input line 1.
LaTeX Font Info:    Trying to load font information for TS1+phv on input line 4
.

(/usr/share/texlive/texmf-dist/tex/latex/psnfss/ts1phv.fd
File: ts1phv.fd 2001/06/04 scalable font definitions for TS1/phv.
)
LaTeX Font Info:    Font shape `TS1/phv/m/n' will be
(Font)              scaled to size 8.99994pt on input line 4.
LaTeX Font Info:    Font shape `T1/phv/b/n' will be
(Font)              scaled to size 10.79993pt on input line 14.
 [1

])
LaTeX Info: Redefining \. on input line 183.
LaTeX Info: Redefining \% on input line 183.
 [2]
Cap\'{\i }tulo 2.
(./namespaces.tex) [3

]
LaTeX Info: Redefining \. on input line 185.
LaTeX Info: Redefining \% on input line 185.
 [4

]
Cap\'{\i }tulo 3.
(./hierarchy.tex) [5]
LaTeX Info: Redefining \. on input line 187.
LaTeX Info: Redefining \% on input line 187.
 [6

]
Cap\'{\i }tulo 4.
(./annotated.tex) [7]
LaTeX Info: Redefining \. on input line 189.
LaTeX Info: Redefining \% on input line 189.
 [8

]
Cap\'{\i }tulo 5.
(./namespaceedu_1_1duke.tex) [9]
LaTeX Info: Redefining \. on input line 191.
LaTeX Info: Redefining \% on input line 191.
 [10

]
Cap\'{\i }tulo 6.
(./classes_1_1ull_1_1etsii_1_1app_1_1_all_filters.tex <./classes_1_1ull_1_1etsi
i_1_1app_1_1_all_filters__inherit__graph.pdf

pdfTeX warning: pdflatex (file ./classes_1_1ull_1_1etsii_1_1app_1_1_all_filters
__inherit__graph.pdf): PDF inclusion: multiple pdfs with page group included in
 a single page
>
<classes_1_1ull_1_1etsii_1_1app_1_1_all_filters__inherit__graph.pdf, id=1252, 2
01.75375pt x 156.585pt>
File: classes_1_1ull_1_1etsii_1_1app_1_1_all_filters__inherit__graph.pdf Graphi
c file (type pdf)
<use classes_1_1ull_1_1etsii_1_1app_1_1_all_filters__inherit__graph.pdf>
Package pdftex.def Info: classes_1_1ull_1_1etsii_1_1app_1_1_all_filters__inheri
t__graph.pdf  used on input line 10.
(pdftex.def)             Requested size: 201.0pt x 156.00162pt.
 <./classes_1_1ull_1_1etsii_1_1app_1_1_all_filters__coll__graph.pdf

pdfTeX warning: pdflatex (file ./classes_1_1ull_1_1etsii_1_1app_1_1_all_filters
__coll__graph.pdf): PDF inclusion: multiple pdfs with page group included in a 
single page
>
<classes_1_1ull_1_1etsii_1_1app_1_1_all_filters__coll__graph.pdf, id=1260, 335.
2525pt x 178.6675pt>
File: classes_1_1ull_1_1etsii_1_1app_1_1_all_filters__coll__graph.pdf Graphic f
ile (type pdf)
<use classes_1_1ull_1_1etsii_1_1app_1_1_all_filters__coll__graph.pdf>
Package pdftex.def Info: classes_1_1ull_1_1etsii_1_1app_1_1_all_filters__coll__
graph.pdf  used on input line 20.
(pdftex.def)             Requested size: 334.0pt x 177.99911pt.
 [11]
LaTeX Font Info:    Font shape `T1/pcr/m/it' in size <8> not available
(Font)              Font shape `T1/pcr/m/sl' tried instead on input line 38.
) (./classes_1_1ull_1_1etsii_1_1app_1_1_directors_filter.tex <./classes_1_1ull_
1_1etsii_1_1app_1_1_directors_filter__inherit__graph.pdf>
<classes_1_1ull_1_1etsii_1_1app_1_1_directors_filter__inherit__graph.pdf, id=12
82, 202.7575pt x 167.62625pt>
File: classes_1_1ull_1_1etsii_1_1app_1_1_directors_filter__inherit__graph.pdf G
raphic file (type pdf)
<use classes_1_1ull_1_1etsii_1_1app_1_1_directors_filter__inherit__graph.pdf>
Package pdftex.def Info: classes_1_1ull_1_1etsii_1_1app_1_1_directors_filter__i
nherit__graph.pdf  used on input line 10.
(pdftex.def)             Requested size: 202.0pt x 167.00427pt.
 <./classes_1_1ull_1_1etsii_1_1app_1_1_directors_filter__coll__graph.pdf

pdfTeX warning: pdflatex (file ./classes_1_1ull_1_1etsii_1_1app_1_1_directors_f
ilter__coll__graph.pdf): PDF inclusion: multiple pdfs with page group included 
in a single page
>
<classes_1_1ull_1_1etsii_1_1app_1_1_directors_filter__coll__graph.pdf, id=1290,
 202.7575pt x 167.62625pt>
File: classes_1_1ull_1_1etsii_1_1app_1_1_directors_filter__coll__graph.pdf Grap
hic file (type pdf)
<use classes_1_1ull_1_1etsii_1_1app_1_1_directors_filter__coll__graph.pdf>
Package pdftex.def Info: classes_1_1ull_1_1etsii_1_1app_1_1_directors_filter__c
oll__graph.pdf  used on input line 20.
(pdftex.def)             Requested size: 202.0pt x 167.00427pt.
LaTeX Info: Redefining \. on input line 39.
LaTeX Info: Redefining \% on input line 39.
 [12]
LaTeX Font Info:    Font shape `T1/phv/bc/n' will be
(Font)              scaled to size 8.99994pt on input line 39.

Underfull \hbox (badness 10000) detected at line 39
[][][]
 []


Underfull \hbox (badness 10000) detected at line 42
[][][]
 []

) (./classedu_1_1duke_1_1_directory_resource.tex
LaTeX Font Info:    Font shape `T1/phv/m/n' will be
(Font)              scaled to size 8.09995pt on input line 18.

Underfull \hbox (badness 1024) in paragraph at lines 27--28
[]\T1/phv/m/n/10 This soft-wa-re is li-cen-sed with an Apa-che 2 li-cen-se, see
 [][] \T1/pcr/m/n/10 http[]://www.[]apache.[]org/licenses/[]
 []


Underfull \hbox (badness 10000) detected at line 29
[][][]
 []

LaTeX Info: Redefining \. on input line 52.
LaTeX Info: Redefining \% on input line 52.
[13]
Underfull \hbox (badness 10000) detected at line 56
[][][]
 []

) (./classes_1_1ull_1_1etsii_1_1app_1_1_efficient_rater.tex <./classes_1_1ull_1
_1etsii_1_1app_1_1_efficient_rater__inherit__graph.pdf

pdfTeX warning: pdflatex (file ./classes_1_1ull_1_1etsii_1_1app_1_1_efficient_r
ater__inherit__graph.pdf): PDF inclusion: multiple pdfs with page group include
d in a single page
>
<classes_1_1ull_1_1etsii_1_1app_1_1_efficient_rater__inherit__graph.pdf, id=133
3, 197.73875pt x 167.62625pt>
File: classes_1_1ull_1_1etsii_1_1app_1_1_efficient_rater__inherit__graph.pdf Gr
aphic file (type pdf)
<use classes_1_1ull_1_1etsii_1_1app_1_1_efficient_rater__inherit__graph.pdf>
Package pdftex.def Info: classes_1_1ull_1_1etsii_1_1app_1_1_efficient_rater__in
herit__graph.pdf  used on input line 10.
(pdftex.def)             Requested size: 197.0pt x 167.00172pt.
 <./classes_1_1ull_1_1etsii_1_1app_1_1_efficient_rater__coll__graph.pdf

pdfTeX warning: pdflatex (file ./classes_1_1ull_1_1etsii_1_1app_1_1_efficient_r
ater__coll__graph.pdf): PDF inclusion: multiple pdfs with page group included i
n a single page
>
<classes_1_1ull_1_1etsii_1_1app_1_1_efficient_rater__coll__graph.pdf, id=1341, 
197.73875pt x 167.62625pt>
File: classes_1_1ull_1_1etsii_1_1app_1_1_efficient_rater__coll__graph.pdf Graph
ic file (type pdf)
<use classes_1_1ull_1_1etsii_1_1app_1_1_efficient_rater__coll__graph.pdf>
Package pdftex.def Info: classes_1_1ull_1_1etsii_1_1app_1_1_efficient_rater__co
ll__graph.pdf  used on input line 20.
(pdftex.def)             Requested size: 197.0pt x 167.00172pt.
LaTeX Info: Redefining \. on input line 33.
LaTeX Info: Redefining \% on input line 33.
 [14]) (./classedu_1_1duke_1_1_file_resource.tex
LaTeX Info: Redefining \. on input line 14.
LaTeX Info: Redefining \% on input line 14.
 [15]
Underfull \hbox (badness 1024) in paragraph at lines 71--72
[]\T1/phv/m/n/10 This soft-wa-re is li-cen-sed with an Apa-che 2 li-cen-se, see
 [][] \T1/pcr/m/n/10 http[]://www.[]apache.[]org/licenses/[]
 []


Underfull \hbox (badness 10000) detected at line 73
[][][]
 []

LaTeX Font Info:    Font shape `T1/phv/b/n' will be
(Font)              scaled to size 7.19995pt on input line 82.
LaTeX Info: Redefining \. on input line 97.
LaTeX Info: Redefining \% on input line 97.
[16]
LaTeX Info: Redefining \. on input line 157.
LaTeX Info: Redefining \% on input line 157.
 [17]
LaTeX Info: Redefining \. on input line 211.
LaTeX Info: Redefining \% on input line 211.
 [18]
Underfull \hbox (badness 10000) detected at line 211
[][][]
 []


Underfull \hbox (badness 10000) detected at line 227
[][][]
 []


Underfull \hbox (badness 10000) detected at line 240
[][][]
 []

LaTeX Font Info:    Font shape `T1/pcr/m/it' in size <7> not available
(Font)              Font shape `T1/pcr/m/sl' tried instead on input line 252.

Underfull \hbox (badness 10000) detected at line 263
[][][]
 []


Overfull \vbox (4.67253pt too high) has occurred while \output is active []

LaTeX Info: Redefining \. on input line 270.
LaTeX Info: Redefining \% on input line 270.

[19]
Underfull \hbox (badness 10000) detected at line 288
[][][]
 []


Underfull \hbox (badness 10000) detected at line 306
[][][]
 []


Underfull \hbox (badness 10000) detected at line 317
[][][]
 []

LaTeX Info: Redefining \. on input line 332.
LaTeX Info: Redefining \% on input line 332.
[20]) (./interfacees_1_1ull_1_1etsii_1_1app_1_1_filter.tex <./interfacees_1_1ul
l_1_1etsii_1_1app_1_1_filter__inherit__graph.pdf

pdfTeX warning: pdflatex (file ./interfacees_1_1ull_1_1etsii_1_1app_1_1_filter_
_inherit__graph.pdf): PDF inclusion: multiple pdfs with page group included in 
a single page
>
<interfacees_1_1ull_1_1etsii_1_1app_1_1_filter__inherit__graph.pdf, id=1475, 35
2.31625pt x 327.2225pt>
File: interfacees_1_1ull_1_1etsii_1_1app_1_1_filter__inherit__graph.pdf Graphic
 file (type pdf)
<use interfacees_1_1ull_1_1etsii_1_1app_1_1_filter__inherit__graph.pdf>
Package pdftex.def Info: interfacees_1_1ull_1_1etsii_1_1app_1_1_filter__inherit
__graph.pdf  used on input line 10.
(pdftex.def)             Requested size: 350.0pt x 325.0697pt.
LaTeX Info: Redefining \. on input line 13.
LaTeX Info: Redefining \% on input line 13.
 [21]) (./classes_1_1ull_1_1etsii_1_1app_1_1_first_ratings.tex)
(./classes_1_1ull_1_1etsii_1_1app_1_1_fourth_ratings.tex
LaTeX Info: Redefining \. on input line 12.
LaTeX Info: Redefining \% on input line 12.
 [22])
(./classes_1_1ull_1_1etsii_1_1app_1_1_genre_filter.tex <./classes_1_1ull_1_1ets
ii_1_1app_1_1_genre_filter__inherit__graph.pdf>
<classes_1_1ull_1_1etsii_1_1app_1_1_genre_filter__inherit__graph.pdf, id=1518, 
211.79124pt x 156.585pt>
File: classes_1_1ull_1_1etsii_1_1app_1_1_genre_filter__inherit__graph.pdf Graph
ic file (type pdf)
<use classes_1_1ull_1_1etsii_1_1app_1_1_genre_filter__inherit__graph.pdf>
Package pdftex.def Info: classes_1_1ull_1_1etsii_1_1app_1_1_genre_filter__inher
it__graph.pdf  used on input line 10.
(pdftex.def)             Requested size: 211.0pt x 156.0064pt.
 <./classes_1_1ull_1_1etsii_1_1app_1_1_genre_filter__coll__graph.pdf

pdfTeX warning: pdflatex (file ./classes_1_1ull_1_1etsii_1_1app_1_1_genre_filte
r__coll__graph.pdf): PDF inclusion: multiple pdfs with page group included in a
 single page
>
<classes_1_1ull_1_1etsii_1_1app_1_1_genre_filter__coll__graph.pdf, id=1526, 211
.79124pt x 156.585pt>
File: classes_1_1ull_1_1etsii_1_1app_1_1_genre_filter__coll__graph.pdf Graphic 
file (type pdf)
<use classes_1_1ull_1_1etsii_1_1app_1_1_genre_filter__coll__graph.pdf>
Package pdftex.def Info: classes_1_1ull_1_1etsii_1_1app_1_1_genre_filter__coll_
_graph.pdf  used on input line 20.
(pdftex.def)             Requested size: 211.0pt x 156.0064pt.
LaTeX Info: Redefining \. on input line 39.
LaTeX Info: Redefining \% on input line 39.
 [23]
Underfull \hbox (badness 10000) detected at line 39
[][][]
 []


Underfull \hbox (badness 10000) detected at line 42
[][][]
 []

) (./classedu_1_1duke_1_1_image_resource.tex
LaTeX Info: Redefining \. on input line 65.
LaTeX Info: Redefining \% on input line 65.
 [24]
LaTeX Info: Redefining \. on input line 122.
LaTeX Info: Redefining \% on input line 122.
 [25]
Underfull \hbox (badness 10000) detected at line 165
[][][]
 []


Underfull \hbox (badness 10000) detected at line 176
[][][]
 []

LaTeX Info: Redefining \. on input line 185.
LaTeX Info: Redefining \% on input line 185.
[26]
Underfull \hbox (badness 10000) detected at line 194
[][][]
 []


Underfull \hbox (badness 10000) detected at line 205
[][][]
 []


Underfull \hbox (badness 10000) detected at line 216
[][][]
 []

LaTeX Info: Redefining \. on input line 248.
LaTeX Info: Redefining \% on input line 248.
[27]
Underfull \hbox (badness 10000) detected at line 285
[][][]
 []

) (./classes_1_1ull_1_1etsii_1_1app_1_1_minutes_filter.tex <./classes_1_1ull_1_
1etsii_1_1app_1_1_minutes_filter__inherit__graph.pdf

pdfTeX warning: pdflatex (file ./classes_1_1ull_1_1etsii_1_1app_1_1_minutes_fil
ter__inherit__graph.pdf): PDF inclusion: multiple pdfs with page group included
 in a single page
>
<classes_1_1ull_1_1etsii_1_1app_1_1_minutes_filter__inherit__graph.pdf, id=1636
, 197.73875pt x 167.62625pt>
File: classes_1_1ull_1_1etsii_1_1app_1_1_minutes_filter__inherit__graph.pdf Gra
phic file (type pdf)
<use classes_1_1ull_1_1etsii_1_1app_1_1_minutes_filter__inherit__graph.pdf>
Package pdftex.def Info: classes_1_1ull_1_1etsii_1_1app_1_1_minutes_filter__inh
erit__graph.pdf  used on input line 10.
(pdftex.def)             Requested size: 197.0pt x 167.00172pt.
LaTeX Info: Redefining \. on input line 13.
LaTeX Info: Redefining \% on input line 13.
 [28] <./classes_1_1ull_1_1etsii_1_1app_1_1_minutes_filter__coll__graph.pdf

pdfTeX warning: pdflatex (file ./classes_1_1ull_1_1etsii_1_1app_1_1_minutes_fil
ter__coll__graph.pdf): PDF inclusion: multiple pdfs with page group included in
 a single page
>
<classes_1_1ull_1_1etsii_1_1app_1_1_minutes_filter__coll__graph.pdf, id=1651, 1
97.73875pt x 167.62625pt>
File: classes_1_1ull_1_1etsii_1_1app_1_1_minutes_filter__coll__graph.pdf Graphi
c file (type pdf)
<use classes_1_1ull_1_1etsii_1_1app_1_1_minutes_filter__coll__graph.pdf>
Package pdftex.def Info: classes_1_1ull_1_1etsii_1_1app_1_1_minutes_filter__col
l__graph.pdf  used on input line 20.
(pdftex.def)             Requested size: 197.0pt x 167.00172pt.

Underfull \hbox (badness 10000) detected at line 39
[][][]
 []


Underfull \hbox (badness 10000) detected at line 42
[][][]
 []

LaTeX Info: Redefining \. on input line 56.
LaTeX Info: Redefining \% on input line 56.
[29]) (./classes_1_1ull_1_1etsii_1_1app_1_1_movie.tex
Underfull \hbox (badness 10000) detected at line 44
[][][]
 []


Underfull \hbox (badness 10000) detected at line 47
[][][]
 []

) (./classes_1_1ull_1_1etsii_1_1app_1_1_movie_database.tex)
(./classes_1_1ull_1_1etsii_1_1app_1_1_movie_runner_average.tex
LaTeX Info: Redefining \. on input line 9.
LaTeX Info: Redefining \% on input line 9.
 [30])
(./classes_1_1ull_1_1etsii_1_1app_1_1_movie_runner_similar_ratings.tex)
(./classes_1_1ull_1_1etsii_1_1app_1_1_movie_runner_with_filters.tex)
(./classedu_1_1duke_1_1_pixel.tex
LaTeX Info: Redefining \. on input line 35.
LaTeX Info: Redefining \% on input line 35.
 [31]
Underfull \hbox (badness 10000) detected at line 82
[][][]
 []


Underfull \hbox (badness 10000) detected at line 93
[][][]
 []

LaTeX Info: Redefining \. on input line 102.
LaTeX Info: Redefining \% on input line 102.
[32]
Underfull \hbox (badness 10000) detected at line 104
[][][]
 []


Underfull \hbox (badness 10000) detected at line 115
[][][]
 []


Underfull \hbox (badness 10000) detected at line 126
[][][]
 []


Underfull \hbox (badness 10000) detected at line 137
[][][]
 []

LaTeX Info: Redefining \. on input line 165.
LaTeX Info: Redefining \% on input line 165.
[33]
Underfull \hbox (badness 10000) detected at line 200
[][][]
 []

) (./classes_1_1ull_1_1etsii_1_1app_1_1_plain_rater.tex <./classes_1_1ull_1_1et
sii_1_1app_1_1_plain_rater__inherit__graph.pdf

pdfTeX warning: pdflatex (file ./classes_1_1ull_1_1etsii_1_1app_1_1_plain_rater
__inherit__graph.pdf): PDF inclusion: multiple pdfs with page group included in
 a single page
>
<classes_1_1ull_1_1etsii_1_1app_1_1_plain_rater__inherit__graph.pdf, id=1773, 2
08.78pt x 156.585pt>
File: classes_1_1ull_1_1etsii_1_1app_1_1_plain_rater__inherit__graph.pdf Graphi
c file (type pdf)
<use classes_1_1ull_1_1etsii_1_1app_1_1_plain_rater__inherit__graph.pdf>
Package pdftex.def Info: classes_1_1ull_1_1etsii_1_1app_1_1_plain_rater__inheri
t__graph.pdf  used on input line 10.
(pdftex.def)             Requested size: 208.0pt x 156.00879pt.
LaTeX Info: Redefining \. on input line 13.
LaTeX Info: Redefining \% on input line 13.
 [34] <./classes_1_1ull_1_1etsii_1_1app_1_1_plain_rater__coll__graph.pdf

pdfTeX warning: pdflatex (file ./classes_1_1ull_1_1etsii_1_1app_1_1_plain_rater
__coll__graph.pdf): PDF inclusion: multiple pdfs with page group included in a 
single page
>
<classes_1_1ull_1_1etsii_1_1app_1_1_plain_rater__coll__graph.pdf, id=1788, 208.
78pt x 156.585pt>
File: classes_1_1ull_1_1etsii_1_1app_1_1_plain_rater__coll__graph.pdf Graphic f
ile (type pdf)
<use classes_1_1ull_1_1etsii_1_1app_1_1_plain_rater__coll__graph.pdf>
Package pdftex.def Info: classes_1_1ull_1_1etsii_1_1app_1_1_plain_rater__coll__
graph.pdf  used on input line 20.
(pdftex.def)             Requested size: 208.0pt x 156.00879pt.
LaTeX Info: Redefining \. on input line 62.
LaTeX Info: Redefining \% on input line 62.
 [35]) (./classedu_1_1duke_1_1_point.tex
Underfull \hbox (badness 1024) in paragraph at lines 37--38
[]\T1/phv/m/n/10 This soft-wa-re is li-cen-sed with an Apa-che 2 li-cen-se, see
 [][] \T1/pcr/m/n/10 http[]://www.[]apache.[]org/licenses/[]
 []

LaTeX Info: Redefining \. on input line 39.
LaTeX Info: Redefining \% on input line 39.
[36]
Underfull \hbox (badness 10000) detected at line 39
[][][]
 []


Underfull \hbox (badness 10000) detected at line 76
[][][]
 []


Underfull \hbox (badness 10000) detected at line 87
[][][]
 []


Underfull \hbox (badness 10000) detected at line 98
[][][]
 []

LaTeX Info: Redefining \. on input line 107.
LaTeX Info: Redefining \% on input line 107.
[37]
Underfull \hbox (badness 10000) detected at line 109
[][][]
 []

) (./classedu_1_1duke_1_1_range_resource.tex
Underfull \hbox (badness 1024) in paragraph at lines 49--50
[]\T1/phv/m/n/10 This soft-wa-re is li-cen-sed with an Apa-che 2 li-cen-se, see
 [][] \T1/pcr/m/n/10 http[]://www.[]apache.[]org/licenses/[]
 []


Underfull \hbox (badness 10000) detected at line 51
[][][]
 []

LaTeX Info: Redefining \. on input line 69.
LaTeX Info: Redefining \% on input line 69.
[38]
LaTeX Info: Redefining \. on input line 126.
LaTeX Info: Redefining \% on input line 126.
 [39]
Underfull \hbox (badness 10000) detected at line 145
[][][]
 []


Underfull \hbox (badness 10000) detected at line 156
[][][]
 []

) (./interfacees_1_1ull_1_1etsii_1_1app_1_1_rater.tex <./interfacees_1_1ull_1_1
etsii_1_1app_1_1_rater__inherit__graph.pdf

pdfTeX warning: pdflatex (file ./interfacees_1_1ull_1_1etsii_1_1app_1_1_rater__
inherit__graph.pdf): PDF inclusion: multiple pdfs with page group included in a
 single page
>
<interfacees_1_1ull_1_1etsii_1_1app_1_1_rater__inherit__graph.pdf, id=1895, 345
.29pt x 167.62625pt>
File: interfacees_1_1ull_1_1etsii_1_1app_1_1_rater__inherit__graph.pdf Graphic 
file (type pdf)
<use interfacees_1_1ull_1_1etsii_1_1app_1_1_rater__inherit__graph.pdf>
Package pdftex.def Info: interfacees_1_1ull_1_1etsii_1_1app_1_1_rater__inherit_
_graph.pdf  used on input line 10.
(pdftex.def)             Requested size: 344.0pt x 167.00172pt.
LaTeX Info: Redefining \. on input line 25.
LaTeX Info: Redefining \% on input line 25.
 [40]) (./classes_1_1ull_1_1etsii_1_1app_1_1_rater_database.tex)
(./classes_1_1ull_1_1etsii_1_1app_1_1_rating.tex <./classes_1_1ull_1_1etsii_1_1
app_1_1_rating__inherit__graph.pdf>
<classes_1_1ull_1_1etsii_1_1app_1_1_rating__inherit__graph.pdf, id=1913, 194.72
75pt x 156.585pt>
File: classes_1_1ull_1_1etsii_1_1app_1_1_rating__inherit__graph.pdf Graphic fil
e (type pdf)
<use classes_1_1ull_1_1etsii_1_1app_1_1_rating__inherit__graph.pdf>
Package pdftex.def Info: classes_1_1ull_1_1etsii_1_1app_1_1_rating__inherit__gr
aph.pdf  used on input line 10.
(pdftex.def)             Requested size: 194.0pt x 156.0064pt.
 <./classes_1_1ull_1_1etsii_1_1app_1_1_rating__coll__graph.pdf

pdfTeX warning: pdflatex (file ./classes_1_1ull_1_1etsii_1_1app_1_1_rating__col
l__graph.pdf): PDF inclusion: multiple pdfs with page group included in a singl
e page
>
<classes_1_1ull_1_1etsii_1_1app_1_1_rating__coll__graph.pdf, id=1921, 194.7275p
t x 156.585pt>
File: classes_1_1ull_1_1etsii_1_1app_1_1_rating__coll__graph.pdf Graphic file (
type pdf)
<use classes_1_1ull_1_1etsii_1_1app_1_1_rating__coll__graph.pdf>
Package pdftex.def Info: classes_1_1ull_1_1etsii_1_1app_1_1_rating__coll__graph
.pdf  used on input line 20.
(pdftex.def)             Requested size: 194.0pt x 156.0064pt.
LaTeX Info: Redefining \. on input line 23.
LaTeX Info: Redefining \% on input line 23.
 [41]
Underfull \hbox (badness 10000) detected at line 46
[][][]
 []


Underfull \hbox (badness 10000) detected at line 49
[][][]
 []

) (./classes_1_1ull_1_1etsii_1_1app_1_1_recommendation_runner.tex <./classes_1_
1ull_1_1etsii_1_1app_1_1_recommendation_runner__inherit__graph.pdf>
<classes_1_1ull_1_1etsii_1_1app_1_1_recommendation_runner__inherit__graph.pdf, 
id=1952, 238.8925pt x 167.62625pt>
File: classes_1_1ull_1_1etsii_1_1app_1_1_recommendation_runner__inherit__graph.
pdf Graphic file (type pdf)
<use classes_1_1ull_1_1etsii_1_1app_1_1_recommendation_runner__inherit__graph.p
df>
Package pdftex.def Info: classes_1_1ull_1_1etsii_1_1app_1_1_recommendation_runn
er__inherit__graph.pdf  used on input line 10.
(pdftex.def)             Requested size: 238.0pt x 166.99916pt.
 <./classes_1_1ull_1_1etsii_1_1app_1_1_recommendation_runner__coll__graph.pdf

pdfTeX warning: pdflatex (file ./classes_1_1ull_1_1etsii_1_1app_1_1_recommendat
ion_runner__coll__graph.pdf): PDF inclusion: multiple pdfs with page group incl
uded in a single page
>
<classes_1_1ull_1_1etsii_1_1app_1_1_recommendation_runner__coll__graph.pdf, id=
1960, 238.8925pt x 167.62625pt>
File: classes_1_1ull_1_1etsii_1_1app_1_1_recommendation_runner__coll__graph.pdf
 Graphic file (type pdf)
<use classes_1_1ull_1_1etsii_1_1app_1_1_recommendation_runner__coll__graph.pdf>

Package pdftex.def Info: classes_1_1ull_1_1etsii_1_1app_1_1_recommendation_runn
er__coll__graph.pdf  used on input line 20.
(pdftex.def)             Requested size: 238.0pt x 166.99916pt.
LaTeX Info: Redefining \. on input line 23.
LaTeX Info: Redefining \% on input line 23.
 [42]
LaTeX Info: Redefining \. on input line 72.
LaTeX Info: Redefining \% on input line 72.
 [43]) (./interfacees_1_1ull_1_1etsii_1_1app_1_1_recommender.tex <./interfacees
_1_1ull_1_1etsii_1_1app_1_1_recommender__inherit__graph.pdf>
<interfacees_1_1ull_1_1etsii_1_1app_1_1_recommender__inherit__graph.pdf, id=200
4, 238.8925pt x 167.62625pt>
File: interfacees_1_1ull_1_1etsii_1_1app_1_1_recommender__inherit__graph.pdf Gr
aphic file (type pdf)
<use interfacees_1_1ull_1_1etsii_1_1app_1_1_recommender__inherit__graph.pdf>
Package pdftex.def Info: interfacees_1_1ull_1_1etsii_1_1app_1_1_recommender__in
herit__graph.pdf  used on input line 10.
(pdftex.def)             Requested size: 238.0pt x 166.99916pt.
LaTeX Info: Redefining \. on input line 51.
LaTeX Info: Redefining \% on input line 51.
 [44])
(./classedu_1_1duke_1_1_resource_exception.tex <./classedu_1_1duke_1_1_resource
_exception__inherit__graph.pdf>
<classedu_1_1duke_1_1_resource_exception__inherit__graph.pdf, id=2036, 224.84pt
 x 156.585pt>
File: classedu_1_1duke_1_1_resource_exception__inherit__graph.pdf Graphic file 
(type pdf)
<use classedu_1_1duke_1_1_resource_exception__inherit__graph.pdf>
Package pdftex.def Info: classedu_1_1duke_1_1_resource_exception__inherit__grap
h.pdf  used on input line 10.
(pdftex.def)             Requested size: 224.0pt x 156.0064pt.
 <./classedu_1_1duke_1_1_resource_exception__coll__graph.pdf

pdfTeX warning: pdflatex (file ./classedu_1_1duke_1_1_resource_exception__coll_
_graph.pdf): PDF inclusion: multiple pdfs with page group included in a single 
page
>
<classedu_1_1duke_1_1_resource_exception__coll__graph.pdf, id=2044, 224.84pt x 
156.585pt>
File: classedu_1_1duke_1_1_resource_exception__coll__graph.pdf Graphic file (ty
pe pdf)
<use classedu_1_1duke_1_1_resource_exception__coll__graph.pdf>
Package pdftex.def Info: classedu_1_1duke_1_1_resource_exception__coll__graph.p
df  used on input line 20.
(pdftex.def)             Requested size: 224.0pt x 156.0064pt.
LaTeX Info: Redefining \. on input line 29.
LaTeX Info: Redefining \% on input line 29.
 [45]
Underfull \hbox (badness 1024) in paragraph at lines 39--40
[]\T1/phv/m/n/10 This soft-wa-re is li-cen-sed with an Apa-che 2 li-cen-se, see
 [][] \T1/pcr/m/n/10 http[]://www.[]apache.[]org/licenses/[]
 []


Underfull \hbox (badness 10000) detected at line 41
[][][]
 []

) (./classes_1_1ull_1_1etsii_1_1app_1_1_second_ratings.tex)
(./classedu_1_1duke_1_1_shape.tex
LaTeX Info: Redefining \. on input line 40.
LaTeX Info: Redefining \% on input line 40.
 [46]
Underfull \hbox (badness 1024) in paragraph at lines 59--60
[]\T1/phv/m/n/10 This soft-wa-re is li-cen-sed with an Apa-che 2 li-cen-se, see
 [][] \T1/pcr/m/n/10 http[]://www.[]apache.[]org/licenses/[]
 []


Underfull \hbox (badness 10000) detected at line 61
[][][]
 []

LaTeX Info: Redefining \. on input line 110.
LaTeX Info: Redefining \% on input line 110.
[47]
Underfull \hbox (badness 10000) detected at line 119
[][][]
 []


Underfull \hbox (badness 10000) detected at line 130
[][][]
 []

) (./classes_1_1ull_1_1etsii_1_1app_1_1_simple_service.tex)
(./classedu_1_1duke_1_1_storage_resource.tex
LaTeX Info: Redefining \. on input line 34.
LaTeX Info: Redefining \% on input line 34.
 [48]
Underfull \hbox (badness 1024) in paragraph at lines 45--46
[]\T1/phv/m/n/10 This soft-wa-re is li-cen-sed with an Apa-che 2 li-cen-se, see
 [][] \T1/pcr/m/n/10 http[]://www.[]apache.[]org/licenses/[]
 []


Underfull \hbox (badness 10000) detected at line 47
[][][]
 []

LaTeX Info: Redefining \. on input line 99.
LaTeX Info: Redefining \% on input line 99.
[49]
Underfull \hbox (badness 10000) detected at line 107
[][][]
 []


Underfull \hbox (badness 10000) detected at line 118
[][][]
 []


Underfull \hbox (badness 10000) detected at line 129
[][][]
 []

) (./classes_1_1ull_1_1etsii_1_1app_1_1_third_ratings.tex)
(./classes_1_1ull_1_1etsii_1_1app_1_1_true_filter.tex <./classes_1_1ull_1_1etsi
i_1_1app_1_1_true_filter__inherit__graph.pdf

pdfTeX warning: pdflatex (file ./classes_1_1ull_1_1etsii_1_1app_1_1_true_filter
__inherit__graph.pdf): PDF inclusion: multiple pdfs with page group included in
 a single page
>
<classes_1_1ull_1_1etsii_1_1app_1_1_true_filter__inherit__graph.pdf, id=2168, 2
03.76125pt x 156.585pt>
File: classes_1_1ull_1_1etsii_1_1app_1_1_true_filter__inherit__graph.pdf Graphi
c file (type pdf)
<use classes_1_1ull_1_1etsii_1_1app_1_1_true_filter__inherit__graph.pdf>
Package pdftex.def Info: classes_1_1ull_1_1etsii_1_1app_1_1_true_filter__inheri
t__graph.pdf  used on input line 10.
(pdftex.def)             Requested size: 203.0pt x 156.0064pt.
LaTeX Info: Redefining \. on input line 13.
LaTeX Info: Redefining \% on input line 13.
 [50] <./classes_1_1ull_1_1etsii_1_1app_1_1_true_filter__coll__graph.pdf

pdfTeX warning: pdflatex (file ./classes_1_1ull_1_1etsii_1_1app_1_1_true_filter
__coll__graph.pdf): PDF inclusion: multiple pdfs with page group included in a 
single page
>
<classes_1_1ull_1_1etsii_1_1app_1_1_true_filter__coll__graph.pdf, id=2186, 203.
76125pt x 156.585pt>
File: classes_1_1ull_1_1etsii_1_1app_1_1_true_filter__coll__graph.pdf Graphic f
ile (type pdf)
<use classes_1_1ull_1_1etsii_1_1app_1_1_true_filter__coll__graph.pdf>
Package pdftex.def Info: classes_1_1ull_1_1etsii_1_1app_1_1_true_filter__coll__
graph.pdf  used on input line 20.
(pdftex.def)             Requested size: 203.0pt x 156.0064pt.

Underfull \hbox (badness 10000) detected at line 33
[][][]
 []


Underfull \hbox (badness 10000) detected at line 36
[][][]
 []

LaTeX Info: Redefining \. on input line 54.
LaTeX Info: Redefining \% on input line 54.
[51]) (./classedu_1_1duke_1_1_u_r_l_resource.tex
Overfull \hbox (41.55533pt too wide) in paragraph at lines 44--44
[][] \T1/pcr/m/n/9 ur = new []("http://www.dukelearntoprogram.com/course2/java/
food.csv");[] 
 []


Underfull \hbox (badness 1024) in paragraph at lines 53--54
[]\T1/phv/m/n/10 This soft-wa-re is li-cen-sed with an Apa-che 2 li-cen-se, see
 [][] \T1/pcr/m/n/10 http[]://www.[]apache.[]org/licenses/[]
 []


Underfull \hbox (badness 10000) detected at line 55
[][][]
 []

LaTeX Info: Redefining \. on input line 75.
LaTeX Info: Redefining \% on input line 75.
[52]
Underfull \hbox (badness 10000) detected at line 92
[][][]
 []


Underfull \hbox (badness 10000) detected at line 108
[][][]
 []


Underfull \hbox (badness 10000) detected at line 121
[][][]
 []

LaTeX Info: Redefining \. on input line 134.
LaTeX Info: Redefining \% on input line 134.
[53]
Underfull \hbox (badness 10000) detected at line 144
[][][]
 []


Underfull \hbox (badness 10000) detected at line 169
[][][]
 []

LaTeX Info: Redefining \. on input line 187.
LaTeX Info: Redefining \% on input line 187.
[54]
Underfull \hbox (badness 10000) detected at line 187
[][][]
 []


Underfull \hbox (badness 10000) detected at line 198
[][][]
 []

) (./classes_1_1ull_1_1etsii_1_1app_1_1_year_after_filter.tex <./classes_1_1ull
_1_1etsii_1_1app_1_1_year_after_filter__inherit__graph.pdf

pdfTeX warning: pdflatex (file ./classes_1_1ull_1_1etsii_1_1app_1_1_year_after_
filter__inherit__graph.pdf): PDF inclusion: multiple pdfs with page group inclu
ded in a single page
>
<classes_1_1ull_1_1etsii_1_1app_1_1_year_after_filter__inherit__graph.pdf, id=2
255, 203.76125pt x 167.62625pt>
File: classes_1_1ull_1_1etsii_1_1app_1_1_year_after_filter__inherit__graph.pdf 
Graphic file (type pdf)
<use classes_1_1ull_1_1etsii_1_1app_1_1_year_after_filter__inherit__graph.pdf>
Package pdftex.def Info: classes_1_1ull_1_1etsii_1_1app_1_1_year_after_filter__
inherit__graph.pdf  used on input line 10.
(pdftex.def)             Requested size: 203.0pt x 167.00684pt.
 <./classes_1_1ull_1_1etsii_1_1app_1_1_year_after_filter__coll__graph.pdf

pdfTeX warning: pdflatex (file ./classes_1_1ull_1_1etsii_1_1app_1_1_year_after_
filter__coll__graph.pdf): PDF inclusion: multiple pdfs with page group included
 in a single page
>
<classes_1_1ull_1_1etsii_1_1app_1_1_year_after_filter__coll__graph.pdf, id=2263
, 203.76125pt x 167.62625pt>
File: classes_1_1ull_1_1etsii_1_1app_1_1_year_after_filter__coll__graph.pdf Gra
phic file (type pdf)
<use classes_1_1ull_1_1etsii_1_1app_1_1_year_after_filter__coll__graph.pdf>
Package pdftex.def Info: classes_1_1ull_1_1etsii_1_1app_1_1_year_after_filter__
coll__graph.pdf  used on input line 20.
(pdftex.def)             Requested size: 203.0pt x 167.00684pt.
LaTeX Info: Redefining \. on input line 36.
LaTeX Info: Redefining \% on input line 36.
 [55]
Underfull \hbox (badness 10000) detected at line 36
[][][]
 []


Underfull \hbox (badness 10000) detected at line 39
[][][]
 []

)
LaTeX Info: Redefining \. on input line 228.
LaTeX Info: Redefining \% on input line 228.
 [56] (./refman.ind [57



]
LaTeX Info: Redefining \. on input line 247.
LaTeX Info: Redefining \% on input line 247.
 [58]
LaTeX Info: Redefining \. on input line 298.
LaTeX Info: Redefining \% on input line 298.
 [59

])
Package atveryend Info: Empty hook `BeforeClearDocument' on input line 235.
Package atveryend Info: Empty hook `AfterLastShipout' on input line 235.
 (./refman.aux
LaTeX Info: Redefining \. on input line 26.
LaTeX Info: Redefining \% on input line 26.
)
Package atveryend Info: Executing hook `AtVeryEndDocument' on input line 235.
Package atveryend Info: Executing hook `AtEndAfterFileList' on input line 235.
Package rerunfilecheck Info: File `refman.out' has not changed.
(rerunfilecheck)             Checksum: 54EB74DA0E2EDD92522AB576B38E6AAB;46798.
 ) 
Here is how much of TeX's memory you used:
 19275 strings out of 481239
 318385 string characters out of 5920376
 622030 words of memory out of 5000000
 33497 multiletter control sequences out of 15000+600000
 594883 words of font info for 98 fonts, out of 8000000 for 9000
 1141 hyphenation exceptions out of 8191
 55i,16n,96p,891b,793s stack positions out of 5000i,500n,10000p,200000b,80000s
{/usr/share/texlive/texmf-dist/fonts/enc/dvips/base/8r.enc}</usr/share/texliv
e/texmf-dist/fonts/type1/public/amsfonts/cm/cmmi10.pfb></usr/share/texlive/texm
f-dist/fonts/type1/public/amsfonts/cm/cmmi7.pfb></usr/share/texlive/texmf-dist/
fonts/type1/public/amsfonts/cm/cmmi8.pfb></usr/share/texlive/texmf-dist/fonts/t
ype1/public/amsfonts/cm/cmsy7.pfb></usr/share/texlive/texmf-dist/fonts/type1/ur
w/courier/ucrb8a.pfb></usr/share/texlive/texmf-dist/fonts/type1/urw/courier/ucr
r8a.pfb></usr/share/texlive/texmf-dist/fonts/type1/urw/courier/ucrro8a.pfb></us
r/share/texlive/texmf-dist/fonts/type1/urw/helvetic/uhvb8a.pfb></usr/share/texl
ive/texmf-dist/fonts/type1/urw/helvetic/uhvb8ac.pfb></usr/share/texlive/texmf-d
ist/fonts/type1/urw/helvetic/uhvr8a.pfb></usr/share/texlive/texmf-dist/fonts/ty
pe1/urw/helvetic/uhvro8a.pfb>
Output written on refman.pdf (67 pages, 573498 bytes).
PDF statistics:
 2680 PDF objects out of 2984 (max. 8388607)
 2479 compressed objects within 25 object streams
 624 named destinations out of 1000 (max. 500000)
 1718 words of extra memory for PDF output out of 10000 (max. 10000000)

